d:\我的电脑\文档\github\car-hailing\car-hailing\qrcode\x64\debug\vc142.pdb
d:\我的电脑\文档\github\car-hailing\car-hailing\qrcode\x64\debug\vc142.idb
d:\我的电脑\文档\github\car-hailing\car-hailing\qrcode\x64\debug\wiinip.obj
d:\我的电脑\文档\github\car-hailing\car-hailing\qrcode\x64\debug\strcturedata.obj
d:\我的电脑\文档\github\car-hailing\car-hailing\qrcode\x64\debug\screen output.obj
d:\我的电脑\文档\github\car-hailing\car-hailing\qrcode\x64\debug\module placement.obj
d:\我的电脑\文档\github\car-hailing\car-hailing\qrcode\x64\debug\mask.obj
d:\我的电脑\文档\github\car-hailing\car-hailing\qrcode\x64\debug\main.obj
d:\我的电脑\文档\github\car-hailing\car-hailing\qrcode\x64\debug\format and version.obj
d:\我的电脑\文档\github\car-hailing\car-hailing\qrcode\x64\debug\error correction.obj
d:\我的电脑\文档\github\car-hailing\car-hailing\qrcode\x64\debug\data code.obj
d:\我的电脑\downloads\car-hailing-7921\car-hailing-792123c59c3ab7e9626ed764002cc3e5ef74c296\car-hailing\qrcode\x64\debug\vc142.pdb
d:\我的电脑\downloads\car-hailing-7921\car-hailing-792123c59c3ab7e9626ed764002cc3e5ef74c296\car-hailing\qrcode\x64\debug\vc142.idb
d:\我的电脑\downloads\car-hailing-7921\car-hailing-792123c59c3ab7e9626ed764002cc3e5ef74c296\car-hailing\qrcode\x64\debug\wiinip.obj
d:\我的电脑\downloads\car-hailing-7921\car-hailing-792123c59c3ab7e9626ed764002cc3e5ef74c296\car-hailing\qrcode\x64\debug\strcturedata.obj
d:\我的电脑\downloads\car-hailing-7921\car-hailing-792123c59c3ab7e9626ed764002cc3e5ef74c296\car-hailing\qrcode\x64\debug\screen output.obj
d:\我的电脑\downloads\car-hailing-7921\car-hailing-792123c59c3ab7e9626ed764002cc3e5ef74c296\car-hailing\qrcode\x64\debug\module placement.obj
d:\我的电脑\downloads\car-hailing-7921\car-hailing-792123c59c3ab7e9626ed764002cc3e5ef74c296\car-hailing\qrcode\x64\debug\mask.obj
d:\我的电脑\downloads\car-hailing-7921\car-hailing-792123c59c3ab7e9626ed764002cc3e5ef74c296\car-hailing\qrcode\x64\debug\main.obj
d:\我的电脑\downloads\car-hailing-7921\car-hailing-792123c59c3ab7e9626ed764002cc3e5ef74c296\car-hailing\qrcode\x64\debug\format and version.obj
d:\我的电脑\downloads\car-hailing-7921\car-hailing-792123c59c3ab7e9626ed764002cc3e5ef74c296\car-hailing\qrcode\x64\debug\error correction.obj
d:\我的电脑\downloads\car-hailing-7921\car-hailing-792123c59c3ab7e9626ed764002cc3e5ef74c296\car-hailing\qrcode\x64\debug\data code.obj
d:\我的电脑\文档\github\car-hailing\car-hailing\qrcode\x64\debug\qrcode.ilk
d:\我的电脑\文档\github\car-hailing\car-hailing\x64\debug\qrcode.exe
d:\我的电脑\文档\github\car-hailing\car-hailing\x64\debug\qrcode.pdb
d:\我的电脑\downloads\car-hailing-7921\car-hailing-792123c59c3ab7e9626ed764002cc3e5ef74c296\car-hailing\qrcode\x64\debug\qrcode.ilk
d:\我的电脑\downloads\car-hailing-7921\car-hailing-792123c59c3ab7e9626ed764002cc3e5ef74c296\car-hailing\x64\debug\qrcode.exe
d:\我的电脑\downloads\car-hailing-7921\car-hailing-792123c59c3ab7e9626ed764002cc3e5ef74c296\car-hailing\x64\debug\qrcode.pdb
d:\我的电脑\downloads\car-hailing-7921\car-hailing-792123c59c3ab7e9626ed764002cc3e5ef74c296\car-hailing\qrcode\x64\debug\qrcode.tlog\cl.command.1.tlog
d:\我的电脑\downloads\car-hailing-7921\car-hailing-792123c59c3ab7e9626ed764002cc3e5ef74c296\car-hailing\qrcode\x64\debug\qrcode.tlog\cl.read.1.tlog
d:\我的电脑\downloads\car-hailing-7921\car-hailing-792123c59c3ab7e9626ed764002cc3e5ef74c296\car-hailing\qrcode\x64\debug\qrcode.tlog\cl.write.1.tlog
d:\我的电脑\downloads\car-hailing-7921\car-hailing-792123c59c3ab7e9626ed764002cc3e5ef74c296\car-hailing\qrcode\x64\debug\qrcode.tlog\link.command.1.tlog
d:\我的电脑\downloads\car-hailing-7921\car-hailing-792123c59c3ab7e9626ed764002cc3e5ef74c296\car-hailing\qrcode\x64\debug\qrcode.tlog\link.read.1.tlog
d:\我的电脑\downloads\car-hailing-7921\car-hailing-792123c59c3ab7e9626ed764002cc3e5ef74c296\car-hailing\qrcode\x64\debug\qrcode.tlog\link.write.1.tlog
