d:\我的电脑\文档\github\car-hailing\car-hailing\server\x64\debug\server.pch
d:\我的电脑\文档\github\car-hailing\car-hailing\server\x64\debug\vc142.pdb
d:\我的电脑\文档\github\car-hailing\car-hailing\server\x64\debug\vc142.idb
d:\我的电脑\文档\github\car-hailing\car-hailing\server\x64\debug\pch.obj
d:\我的电脑\文档\github\car-hailing\car-hailing\server\x64\debug\serverdlg.obj
d:\我的电脑\文档\github\car-hailing\car-hailing\server\x64\debug\server.obj
d:\我的电脑\文档\github\car-hailing\car-hailing\server\x64\debug\mysocket.obj
d:\我的电脑\文档\github\car-hailing\car-hailing\server\x64\debug\driver.obj
d:\我的电脑\文档\github\car-hailing\car-hailing\x64\debug\server.exe
d:\我的电脑\文档\github\car-hailing\car-hailing\server\x64\debug\server.ilk
d:\我的电脑\文档\github\car-hailing\car-hailing\x64\debug\server.pdb
d:\我的电脑\文档\github\car-hailing\car-hailing\server\x64\debug\server.res
d:\我的电脑\文档\github\car-hailing\car-hailing\server\x64\debug\mydriver.obj
d:\我的电脑\文档\github\car-hailing\car-hailing\server\x64\debug\vc143.idb
d:\我的电脑\文档\github\car-hailing\car-hailing\server\x64\debug\vc143.pdb
d:\我的电脑\文档\github\car-hailing\car-hailing\server\x64\debug\server.tlog\cl.command.1.tlog
d:\我的电脑\文档\github\car-hailing\car-hailing\server\x64\debug\server.tlog\cl.read.1.tlog
d:\我的电脑\文档\github\car-hailing\car-hailing\server\x64\debug\server.tlog\cl.write.1.tlog
d:\我的电脑\文档\github\car-hailing\car-hailing\server\x64\debug\server.tlog\link.command.1.tlog
d:\我的电脑\文档\github\car-hailing\car-hailing\server\x64\debug\server.tlog\link.read.1.tlog
d:\我的电脑\文档\github\car-hailing\car-hailing\server\x64\debug\server.tlog\link.write.1.tlog
d:\我的电脑\文档\github\car-hailing\car-hailing\server\x64\debug\server.tlog\rc.command.1.tlog
d:\我的电脑\文档\github\car-hailing\car-hailing\server\x64\debug\server.tlog\rc.read.1.tlog
d:\我的电脑\文档\github\car-hailing\car-hailing\server\x64\debug\server.tlog\rc.write.1.tlog
