e:\learningmaterials\car-hailing\car-hailing\client\x64\debug\client.pch
e:\learningmaterials\car-hailing\car-hailing\client\x64\debug\vc142.pdb
e:\learningmaterials\car-hailing\car-hailing\client\x64\debug\vc142.idb
e:\learningmaterials\car-hailing\car-hailing\client\x64\debug\pch.obj
e:\learningmaterials\car-hailing\car-hailing\client\x64\debug\order.obj
e:\learningmaterials\car-hailing\car-hailing\client\x64\debug\mysocket.obj
e:\learningmaterials\car-hailing\car-hailing\client\x64\debug\mainfrm.obj
e:\learningmaterials\car-hailing\car-hailing\client\x64\debug\driver.obj
e:\learningmaterials\car-hailing\car-hailing\client\x64\debug\cuserdlg.obj
e:\learningmaterials\car-hailing\car-hailing\client\x64\debug\cselectview.obj
e:\learningmaterials\car-hailing\car-hailing\client\x64\debug\cregisterdlg.obj
e:\learningmaterials\car-hailing\car-hailing\client\x64\debug\clogindlg.obj
e:\learningmaterials\car-hailing\car-hailing\client\x64\debug\clientview.obj
e:\learningmaterials\car-hailing\car-hailing\client\x64\debug\clientdoc.obj
e:\learningmaterials\car-hailing\car-hailing\client\x64\debug\client.obj
e:\learningmaterials\car-hailing\car-hailing\client\x64\debug\cdisplayview.obj
e:\learningmaterials\car-hailing\car-hailing\client\x64\debug\ccarservicedlg.obj
e:\learningmaterials\car-hailing\car-hailing\client\x64\debug\ccarcontinuedlg.obj
e:\learningmaterials\car-hailing\car-hailing\client\x64\debug\account.obj
e:\learningmaterials\car-hailing\car-hailing\client\x64\debug\client.ilk
e:\learningmaterials\car-hailing\car-hailing\x64\debug\client.exe
e:\learningmaterials\car-hailing\car-hailing\x64\debug\client.pdb
e:\learningmaterials\car-hailing\car-hailing\client\x64\debug\client.res
e:\learningmaterials\car-hailing\car-hailing\client\x64\debug\client.tlog\cl.command.1.tlog
e:\learningmaterials\car-hailing\car-hailing\client\x64\debug\client.tlog\cl.read.1.tlog
e:\learningmaterials\car-hailing\car-hailing\client\x64\debug\client.tlog\cl.write.1.tlog
e:\learningmaterials\car-hailing\car-hailing\client\x64\debug\client.tlog\link.command.1.tlog
e:\learningmaterials\car-hailing\car-hailing\client\x64\debug\client.tlog\link.read.1.tlog
e:\learningmaterials\car-hailing\car-hailing\client\x64\debug\client.tlog\link.write.1.tlog
e:\learningmaterials\car-hailing\car-hailing\client\x64\debug\client.tlog\rc.command.1.tlog
e:\learningmaterials\car-hailing\car-hailing\client\x64\debug\client.tlog\rc.read.1.tlog
e:\learningmaterials\car-hailing\car-hailing\client\x64\debug\client.tlog\rc.write.1.tlog
