d:\我的电脑\文档\github\car-hailing\car-hailing\daemonapp\x64\debug\vc142.pdb
d:\我的电脑\文档\github\car-hailing\car-hailing\daemonapp\x64\debug\vc142.idb
d:\我的电脑\downloads\car-hailing-7921\car-hailing-792123c59c3ab7e9626ed764002cc3e5ef74c296\car-hailing\daemonapp\x64\debug\vc142.pdb
d:\我的电脑\downloads\car-hailing-7921\car-hailing-792123c59c3ab7e9626ed764002cc3e5ef74c296\car-hailing\daemonapp\x64\debug\vc142.idb
d:\我的电脑\downloads\car-hailing-7921\car-hailing-792123c59c3ab7e9626ed764002cc3e5ef74c296\car-hailing\daemonapp\x64\debug\simplefilelog.obj
d:\我的电脑\downloads\car-hailing-7921\car-hailing-792123c59c3ab7e9626ed764002cc3e5ef74c296\car-hailing\daemonapp\x64\debug\processfunc.obj
d:\我的电脑\downloads\car-hailing-7921\car-hailing-792123c59c3ab7e9626ed764002cc3e5ef74c296\car-hailing\daemonapp\x64\debug\common.obj
d:\我的电脑\downloads\car-hailing-7921\car-hailing-792123c59c3ab7e9626ed764002cc3e5ef74c296\car-hailing\daemonapp\x64\debug\daemonapp.obj
d:\我的电脑\downloads\car-hailing-7921\car-hailing-792123c59c3ab7e9626ed764002cc3e5ef74c296\car-hailing\daemonapp\x64\debug\daemonapp.ilk
d:\我的电脑\downloads\car-hailing-7921\car-hailing-792123c59c3ab7e9626ed764002cc3e5ef74c296\car-hailing\x64\debug\daemonapp.exe
d:\我的电脑\downloads\car-hailing-7921\car-hailing-792123c59c3ab7e9626ed764002cc3e5ef74c296\car-hailing\x64\debug\daemonapp.pdb
d:\我的电脑\文档\github\car-hailing\car-hailing\daemonapp\x64\debug\daemonapp.res
d:\我的电脑\downloads\car-hailing-7921\car-hailing-792123c59c3ab7e9626ed764002cc3e5ef74c296\car-hailing\daemonapp\x64\debug\daemonapp.res
d:\我的电脑\downloads\car-hailing-7921\car-hailing-792123c59c3ab7e9626ed764002cc3e5ef74c296\car-hailing\daemonapp\x64\debug\daemonapp.tlog\cl.command.1.tlog
d:\我的电脑\downloads\car-hailing-7921\car-hailing-792123c59c3ab7e9626ed764002cc3e5ef74c296\car-hailing\daemonapp\x64\debug\daemonapp.tlog\cl.read.1.tlog
d:\我的电脑\downloads\car-hailing-7921\car-hailing-792123c59c3ab7e9626ed764002cc3e5ef74c296\car-hailing\daemonapp\x64\debug\daemonapp.tlog\cl.write.1.tlog
d:\我的电脑\downloads\car-hailing-7921\car-hailing-792123c59c3ab7e9626ed764002cc3e5ef74c296\car-hailing\daemonapp\x64\debug\daemonapp.tlog\link.command.1.tlog
d:\我的电脑\downloads\car-hailing-7921\car-hailing-792123c59c3ab7e9626ed764002cc3e5ef74c296\car-hailing\daemonapp\x64\debug\daemonapp.tlog\link.read.1.tlog
d:\我的电脑\downloads\car-hailing-7921\car-hailing-792123c59c3ab7e9626ed764002cc3e5ef74c296\car-hailing\daemonapp\x64\debug\daemonapp.tlog\link.write.1.tlog
d:\我的电脑\downloads\car-hailing-7921\car-hailing-792123c59c3ab7e9626ed764002cc3e5ef74c296\car-hailing\daemonapp\x64\debug\daemonapp.tlog\rc.command.1.tlog
d:\我的电脑\downloads\car-hailing-7921\car-hailing-792123c59c3ab7e9626ed764002cc3e5ef74c296\car-hailing\daemonapp\x64\debug\daemonapp.tlog\rc.read.1.tlog
d:\我的电脑\downloads\car-hailing-7921\car-hailing-792123c59c3ab7e9626ed764002cc3e5ef74c296\car-hailing\daemonapp\x64\debug\daemonapp.tlog\rc.write.1.tlog
